<?xml version="1.0" encoding="UTF-8"?>
<!-- Generated by org.testng.reporters.JUnitXMLReporter -->
<testsuite hostname="test-server-02" ignored="0" name="Test" tests="4" failures="0" timestamp="20 Dec 2019 11:39:58 GMT" time="33.144" errors="0">
  <testcase name="baseURL" time="4.449" classname="com.tesco.gmail.smoke.GmailSmoke"/>
  <testcase name="loginintoAccount" time="8.694" classname="com.tesco.gmail.smoke.GmailSmoke"/>
  <testcase name="verifyLoginURL" time="2.86" classname="com.tesco.gmail.smoke.GmailSmoke"/>
  <testcase name="logOut" time="7.904" classname="com.tesco.gmail.smoke.GmailSmoke"/>
</testsuite> <!-- Test -->
